<?xml version="1.0" encoding="utf-8"?><testsuites name="pytest tests"><testsuite name="pytest" errors="0" failures="0" skipped="0" tests="29" time="12.925" timestamp="2026-04-18T16:21:30.127157+00:00" hostname="agent-env-27c9ec30-5951-4a05-a88e-22a43ef1b1b8"><testcase classname="backend.tests.test_admin_packages_kyc.TestAdminPackagesList" name="test_admin_packages_requires_admin" time="0.202" /><testcase classname="backend.tests.test_admin_packages_kyc.TestAdminPackagesList" name="test_admin_packages_non_admin_returns_403" time="0.385" /><testcase classname="backend.tests.test_admin_packages_kyc.TestAdminPackagesList" name="test_admin_packages_returns_all_with_correct_fields" time="0.427" /><testcase classname="backend.tests.test_admin_packages_kyc.TestAdminPackagesToggle" name="test_toggle_requires_admin" time="0.147" /><testcase classname="backend.tests.test_admin_packages_kyc.TestAdminPackagesToggle" name="test_toggle_deactivate_package" time="0.585" /><testcase classname="backend.tests.test_admin_packages_kyc.TestAdminPackagesToggle" name="test_toggle_reactivate_package" time="0.674" /><testcase classname="backend.tests.test_admin_packages_kyc.TestAdminPackagesToggle" name="test_toggle_invalid_package_id" time="0.392" /><testcase classname="backend.tests.test_admin_packages_kyc.TestAdminPackagesDelete" name="test_delete_requires_admin" time="0.130" /><testcase classname="backend.tests.test_admin_packages_kyc.TestAdminPackagesDelete" name="test_delete_package_flow" time="0.628" /><testcase classname="backend.tests.test_admin_packages_kyc.TestAdminPackagesDelete" name="test_delete_invalid_id" time="0.396" /><testcase classname="backend.tests.test_admin_packages_kyc.TestAdminPackagesCreate" name="test_create_requires_admin" time="0.103" /><testcase classname="backend.tests.test_admin_packages_kyc.TestAdminPackagesCreate" name="test_create_non_admin_returns_403" time="0.400" /><testcase classname="backend.tests.test_admin_packages_kyc.TestAdminPackagesCreate" name="test_create_package_success" time="0.508" /><testcase classname="backend.tests.test_admin_packages_kyc.TestAdminKYCList" name="test_kyc_list_requires_admin" time="0.100" /><testcase classname="backend.tests.test_admin_packages_kyc.TestAdminKYCList" name="test_kyc_list_non_admin_returns_403" time="0.379" /><testcase classname="backend.tests.test_admin_packages_kyc.TestAdminKYCList" name="test_kyc_list_returns_users" time="0.375" /><testcase classname="backend.tests.test_admin_packages_kyc.TestAdminKYCList" name="test_kyc_list_pending_filter" time="0.780" /><testcase classname="backend.tests.test_admin_packages_kyc.TestAdminKYCDecision" name="test_kyc_decision_requires_admin" time="0.100" /><testcase classname="backend.tests.test_admin_packages_kyc.TestAdminKYCDecision" name="test_kyc_decision_approve" time="0.857" /><testcase classname="backend.tests.test_admin_packages_kyc.TestAdminKYCDecision" name="test_kyc_decision_reject" time="0.975" /><testcase classname="backend.tests.test_admin_packages_kyc.TestAdminKYCDecision" name="test_kyc_decision_invalid_decision" time="0.749" /><testcase classname="backend.tests.test_admin_packages_kyc.TestAdminKYCDecision" name="test_kyc_decision_invalid_user_id" time="0.389" /><testcase classname="backend.tests.test_admin_packages_kyc.TestExistingFlowsStillWork" name="test_auth_login_still_works" time="0.320" /><testcase classname="backend.tests.test_admin_packages_kyc.TestExistingFlowsStillWork" name="test_auth_register_still_works" time="0.362" /><testcase classname="backend.tests.test_admin_packages_kyc.TestExistingFlowsStillWork" name="test_user_packages_endpoint_still_works" time="0.396" /><testcase classname="backend.tests.test_admin_packages_kyc.TestExistingFlowsStillWork" name="test_wallet_withdraw_still_works" time="0.609" /><testcase classname="backend.tests.test_admin_packages_kyc.TestExistingFlowsStillWork" name="test_wallet_withdrawals_still_works" time="0.383" /><testcase classname="backend.tests.test_admin_packages_kyc.TestExistingFlowsStillWork" name="test_packages_buy_still_works" time="0.641" /><testcase classname="backend.tests.test_admin_packages_kyc.TestExistingFlowsStillWork" name="test_notifications_still_works" time="0.390" /></testsuite></testsuites>