<?xml version="1.0" encoding="utf-8"?><testsuites name="pytest tests"><testsuite name="pytest" errors="0" failures="0" skipped="0" tests="23" time="15.735" timestamp="2026-04-18T15:59:14.529005+00:00" hostname="agent-env-27c9ec30-5951-4a05-a88e-22a43ef1b1b8"><testcase classname="backend.tests.test_smartpay360_features.TestAdminLogin" name="test_admin_login_success" time="0.417" /><testcase classname="backend.tests.test_smartpay360_features.TestAdminLogin" name="test_admin_login_wrong_password" time="0.327" /><testcase classname="backend.tests.test_smartpay360_features.TestPackagesAPI" name="test_packages_requires_auth" time="0.122" /><testcase classname="backend.tests.test_smartpay360_features.TestPackagesAPI" name="test_packages_list_returns_6_default" time="0.386" /><testcase classname="backend.tests.test_smartpay360_features.TestPackageBuy" name="test_package_buy_invalid_pin" time="0.664" /><testcase classname="backend.tests.test_smartpay360_features.TestPackageBuy" name="test_package_buy_insufficient_balance" time="0.638" /><testcase classname="backend.tests.test_smartpay360_features.TestPackageBuyWithFunding" name="test_full_package_buy_flow" time="1.584" /><testcase classname="backend.tests.test_smartpay360_features.TestMyPackages" name="test_my_packages_structure" time="0.390" /><testcase classname="backend.tests.test_smartpay360_features.TestWithdrawalAPI" name="test_withdrawal_bank_requires_details" time="0.598" /><testcase classname="backend.tests.test_smartpay360_features.TestWithdrawalAPI" name="test_withdrawal_upi_requires_valid_upi_id" time="0.632" /><testcase classname="backend.tests.test_smartpay360_features.TestWithdrawalAPI" name="test_withdrawal_minimum_amount" time="0.595" /><testcase classname="backend.tests.test_smartpay360_features.TestWithdrawalAPI" name="test_withdrawal_insufficient_balance" time="0.599" /><testcase classname="backend.tests.test_smartpay360_features.TestWithdrawalAPI" name="test_withdrawal_invalid_pin" time="0.625" /><testcase classname="backend.tests.test_smartpay360_features.TestWithdrawalFullFlow" name="test_upi_withdrawal_success_flow" time="1.707" /><testcase classname="backend.tests.test_smartpay360_features.TestWithdrawalHistory" name="test_withdrawals_list_structure" time="0.372" /><testcase classname="backend.tests.test_smartpay360_features.TestNotificationsAPI" name="test_notifications_requires_auth" time="0.105" /><testcase classname="backend.tests.test_smartpay360_features.TestNotificationsAPI" name="test_notifications_structure" time="0.413" /><testcase classname="backend.tests.test_smartpay360_features.TestNotificationsAPI" name="test_mark_all_read" time="0.531" /><testcase classname="backend.tests.test_smartpay360_features.TestExistingFlows" name="test_register_with_referral_code" time="0.326" /><testcase classname="backend.tests.test_smartpay360_features.TestExistingFlows" name="test_dashboard_stats" time="0.652" /><testcase classname="backend.tests.test_smartpay360_features.TestExistingFlows" name="test_self_transfer_flow" time="1.030" /><testcase classname="backend.tests.test_smartpay360_features.TestExistingFlows" name="test_user_transfer_flow" time="1.786" /><testcase classname="backend.tests.test_smartpay360_features.TestExistingFlows" name="test_recharge_flow" time="1.101" /></testsuite></testsuites>