<?xml version="1.0" encoding="utf-8"?><testsuites name="pytest tests"><testsuite name="pytest" errors="0" failures="0" skipped="0" tests="102" time="91.273" timestamp="2026-04-18T16:38:48.863986+00:00" hostname="agent-env-27c9ec30-5951-4a05-a88e-22a43ef1b1b8"><testcase classname="backend.tests.test_admin_packages_kyc.TestAdminPackagesList" name="test_admin_packages_requires_admin" time="0.141" /><testcase classname="backend.tests.test_admin_packages_kyc.TestAdminPackagesList" name="test_admin_packages_non_admin_returns_403" time="0.393" /><testcase classname="backend.tests.test_admin_packages_kyc.TestAdminPackagesList" name="test_admin_packages_returns_all_with_correct_fields" time="0.377" /><testcase classname="backend.tests.test_admin_packages_kyc.TestAdminPackagesToggle" name="test_toggle_requires_admin" time="0.104" /><testcase classname="backend.tests.test_admin_packages_kyc.TestAdminPackagesToggle" name="test_toggle_deactivate_package" time="0.567" /><testcase classname="backend.tests.test_admin_packages_kyc.TestAdminPackagesToggle" name="test_toggle_reactivate_package" time="0.665" /><testcase classname="backend.tests.test_admin_packages_kyc.TestAdminPackagesToggle" name="test_toggle_invalid_package_id" time="0.403" /><testcase classname="backend.tests.test_admin_packages_kyc.TestAdminPackagesDelete" name="test_delete_requires_admin" time="0.102" /><testcase classname="backend.tests.test_admin_packages_kyc.TestAdminPackagesDelete" name="test_delete_package_flow" time="0.599" /><testcase classname="backend.tests.test_admin_packages_kyc.TestAdminPackagesDelete" name="test_delete_invalid_id" time="0.371" /><testcase classname="backend.tests.test_admin_packages_kyc.TestAdminPackagesCreate" name="test_create_requires_admin" time="0.109" /><testcase classname="backend.tests.test_admin_packages_kyc.TestAdminPackagesCreate" name="test_create_non_admin_returns_403" time="0.409" /><testcase classname="backend.tests.test_admin_packages_kyc.TestAdminPackagesCreate" name="test_create_package_success" time="0.486" /><testcase classname="backend.tests.test_admin_packages_kyc.TestAdminKYCList" name="test_kyc_list_requires_admin" time="0.104" /><testcase classname="backend.tests.test_admin_packages_kyc.TestAdminKYCList" name="test_kyc_list_non_admin_returns_403" time="0.377" /><testcase classname="backend.tests.test_admin_packages_kyc.TestAdminKYCList" name="test_kyc_list_returns_users" time="0.416" /><testcase classname="backend.tests.test_admin_packages_kyc.TestAdminKYCList" name="test_kyc_list_pending_filter" time="0.806" /><testcase classname="backend.tests.test_admin_packages_kyc.TestAdminKYCDecision" name="test_kyc_decision_requires_admin" time="0.099" /><testcase classname="backend.tests.test_admin_packages_kyc.TestAdminKYCDecision" name="test_kyc_decision_approve" time="0.857" /><testcase classname="backend.tests.test_admin_packages_kyc.TestAdminKYCDecision" name="test_kyc_decision_reject" time="0.848" /><testcase classname="backend.tests.test_admin_packages_kyc.TestAdminKYCDecision" name="test_kyc_decision_invalid_decision" time="0.751" /><testcase classname="backend.tests.test_admin_packages_kyc.TestAdminKYCDecision" name="test_kyc_decision_invalid_user_id" time="0.388" /><testcase classname="backend.tests.test_admin_packages_kyc.TestExistingFlowsStillWork" name="test_auth_login_still_works" time="0.330" /><testcase classname="backend.tests.test_admin_packages_kyc.TestExistingFlowsStillWork" name="test_auth_register_still_works" time="0.339" /><testcase classname="backend.tests.test_admin_packages_kyc.TestExistingFlowsStillWork" name="test_user_packages_endpoint_still_works" time="0.387" /><testcase classname="backend.tests.test_admin_packages_kyc.TestExistingFlowsStillWork" name="test_wallet_withdraw_still_works" time="0.634" /><testcase classname="backend.tests.test_admin_packages_kyc.TestExistingFlowsStillWork" name="test_wallet_withdrawals_still_works" time="0.378" /><testcase classname="backend.tests.test_admin_packages_kyc.TestExistingFlowsStillWork" name="test_packages_buy_still_works" time="0.663" /><testcase classname="backend.tests.test_admin_packages_kyc.TestExistingFlowsStillWork" name="test_notifications_still_works" time="36.146" /><testcase classname="backend.tests.test_auth_token_response.TestLoginAccessToken" name="test_login_returns_access_token_in_body" time="0.389" /><testcase classname="backend.tests.test_auth_token_response.TestLoginAccessToken" name="test_login_still_sets_cookies" time="0.332" /><testcase classname="backend.tests.test_auth_token_response.TestRegisterAccessToken" name="test_register_returns_access_token_in_body" time="0.336" /><testcase classname="backend.tests.test_auth_token_response.TestRegisterAccessToken" name="test_register_still_sets_cookies" time="0.351" /><testcase classname="backend.tests.test_auth_token_response.TestBearerTokenAuth" name="test_bearer_auth_me_endpoint" time="0.446" /><testcase classname="backend.tests.test_auth_token_response.TestBearerTokenAuth" name="test_bearer_auth_dashboard_stats" time="0.429" /><testcase classname="backend.tests.test_auth_token_response.TestBearerTokenAuth" name="test_bearer_auth_wallet_balance" time="0.456" /><testcase classname="backend.tests.test_auth_token_response.TestBearerTokenAuth" name="test_bearer_auth_packages" time="0.438" /><testcase classname="backend.tests.test_auth_token_response.TestBearerTokenAuth" name="test_bearer_auth_my_packages" time="0.437" /><testcase classname="backend.tests.test_auth_token_response.TestBearerTokenAuth" name="test_bearer_auth_notifications" time="0.452" /><testcase classname="backend.tests.test_auth_token_response.TestBearerTokenAuth" name="test_bearer_auth_admin_users" time="0.450" /><testcase classname="backend.tests.test_auth_token_response.TestBearerTokenAuth" name="test_bearer_auth_admin_packages" time="0.448" /><testcase classname="backend.tests.test_auth_token_response.TestBearerTokenAuth" name="test_bearer_auth_admin_kyc" time="0.474" /><testcase classname="backend.tests.test_auth_token_response.TestBearerTokenAuth" name="test_bearer_auth_profile" time="0.449" /><testcase classname="backend.tests.test_auth_token_response.TestBearerTokenAuth" name="test_bearer_auth_transactions" time="0.431" /><testcase classname="backend.tests.test_auth_token_response.TestBearerTokenAuth" name="test_bearer_auth_referral_stats" time="0.448" /><testcase classname="backend.tests.test_auth_token_response.TestBearerTokenAuth" name="test_bearer_auth_withdrawals" time="0.468" /><testcase classname="backend.tests.test_auth_token_response.TestCookieAuthFallback" name="test_cookie_auth_me_endpoint" time="0.379" /><testcase classname="backend.tests.test_auth_token_response.TestCookieAuthFallback" name="test_cookie_auth_dashboard_stats" time="0.378" /><testcase classname="backend.tests.test_auth_token_response.TestCookieAuthFallback" name="test_cookie_auth_packages" time="0.380" /><testcase classname="backend.tests.test_auth_token_response.TestLogout" name="test_logout_clears_cookies" time="0.384" /><testcase classname="backend.tests.test_auth_token_response.TestLogout" name="test_after_logout_auth_fails" time="0.489" /><testcase classname="backend.tests.test_auth_token_response.TestBearerTokenPostEndpoints" name="test_bearer_auth_setup_pin" time="0.667" /><testcase classname="backend.tests.test_auth_token_response.TestBearerTokenPostEndpoints" name="test_bearer_auth_verify_pin" time="1.007" /><testcase classname="backend.tests.test_auth_token_response.TestBearerTokenPostEndpoints" name="test_bearer_auth_add_fund_request" time="0.766" /><testcase classname="backend.tests.test_auth_token_response.TestBearerTokenPostEndpoints" name="test_bearer_auth_notifications_read_all" time="0.768" /><testcase classname="backend.tests.test_auth_token_response.TestBearerTokenPostEndpoints" name="test_bearer_auth_update_profile" time="0.764" /><testcase classname="backend.tests.test_auth_token_response.TestAdminBearerTokenEndpoints" name="test_bearer_auth_admin_approve_fund" time="0.884" /><testcase classname="backend.tests.test_auth_token_response.TestAdminBearerTokenEndpoints" name="test_bearer_auth_admin_kyc_decision" time="0.794" /><testcase classname="backend.tests.test_auth_token_response.TestAdminBearerTokenEndpoints" name="test_bearer_auth_admin_create_package" time="0.435" /><testcase classname="backend.tests.test_auth_token_response.TestExistingFlowsWithBearerToken" name="test_full_package_buy_flow_with_bearer" time="1.910" /><testcase classname="backend.tests.test_auth_token_response.TestExistingFlowsWithBearerToken" name="test_user_transfer_flow_with_bearer" time="2.147" /><testcase classname="backend.tests.test_banner_withdrawal.TestBannerAPI" name="test_banner_get_returns_200" time="0.103" /><testcase classname="backend.tests.test_banner_withdrawal.TestBannerAPI" name="test_banner_response_structure" time="0.097" /><testcase classname="backend.tests.test_banner_withdrawal.TestAdminAuth" name="test_admin_login_success" time="0.338" /><testcase classname="backend.tests.test_banner_withdrawal.TestAdminAuth" name="test_admin_login_wrong_password" time="0.320" /><testcase classname="backend.tests.test_banner_withdrawal.TestAdminBannerEndpoints" name="test_admin_update_text_banner" time="0.534" /><testcase classname="backend.tests.test_banner_withdrawal.TestAdminBannerEndpoints" name="test_admin_update_image_banner" time="0.511" /><testcase classname="backend.tests.test_banner_withdrawal.TestAdminBannerEndpoints" name="test_admin_update_combined_banner" time="0.363" /><testcase classname="backend.tests.test_banner_withdrawal.TestAdminBannerEndpoints" name="test_unauthenticated_banner_update_fails" time="0.100" /><testcase classname="backend.tests.test_banner_withdrawal.TestWithdrawalAPI" name="test_withdrawal_requires_auth" time="0.107" /><testcase classname="backend.tests.test_banner_withdrawal.TestWithdrawalAPI" name="test_withdrawal_requires_pin" time="1.418" /><testcase classname="backend.tests.test_banner_withdrawal.TestWithdrawalAPI" name="test_withdrawal_wrong_pin" time="0.591" /><testcase classname="backend.tests.test_banner_withdrawal.TestWithdrawalAPI" name="test_withdrawal_minimum_amount" time="0.596" /><testcase classname="backend.tests.test_banner_withdrawal.TestWithdrawalAPI" name="test_withdrawal_insufficient_balance" time="0.587" /><testcase classname="backend.tests.test_banner_withdrawal.TestAdminWithdrawalsEndpoint" name="test_get_withdrawals_list" time="0.376" /><testcase classname="backend.tests.test_banner_withdrawal.TestAdminWithdrawalsEndpoint" name="test_get_withdrawals_with_status_filter" time="0.444" /><testcase classname="backend.tests.test_banner_withdrawal.TestAdminWithdrawalsEndpoint" name="test_withdrawals_requires_admin" time="0.171" /><testcase classname="backend.tests.test_banner_withdrawal.TestAdminDashboard" name="test_admin_dashboard_access" time="0.381" /><testcase classname="backend.tests.test_banner_withdrawal.TestDashboardStats" name="test_dashboard_stats" time="0.890" /><testcase classname="backend.tests.test_smartpay360_features.TestAdminLogin" name="test_admin_login_success" time="0.322" /><testcase classname="backend.tests.test_smartpay360_features.TestAdminLogin" name="test_admin_login_wrong_password" time="0.338" /><testcase classname="backend.tests.test_smartpay360_features.TestPackagesAPI" name="test_packages_requires_auth" time="0.103" /><testcase classname="backend.tests.test_smartpay360_features.TestPackagesAPI" name="test_packages_list_returns_6_default" time="0.381" /><testcase classname="backend.tests.test_smartpay360_features.TestPackageBuy" name="test_package_buy_invalid_pin" time="0.696" /><testcase classname="backend.tests.test_smartpay360_features.TestPackageBuy" name="test_package_buy_insufficient_balance" time="0.641" /><testcase classname="backend.tests.test_smartpay360_features.TestPackageBuyWithFunding" name="test_full_package_buy_flow" time="1.701" /><testcase classname="backend.tests.test_smartpay360_features.TestMyPackages" name="test_my_packages_structure" time="0.412" /><testcase classname="backend.tests.test_smartpay360_features.TestWithdrawalAPI" name="test_withdrawal_bank_requires_details" time="0.586" /><testcase classname="backend.tests.test_smartpay360_features.TestWithdrawalAPI" name="test_withdrawal_upi_requires_valid_upi_id" time="0.623" /><testcase classname="backend.tests.test_smartpay360_features.TestWithdrawalAPI" name="test_withdrawal_minimum_amount" time="0.597" /><testcase classname="backend.tests.test_smartpay360_features.TestWithdrawalAPI" name="test_withdrawal_insufficient_balance" time="0.613" /><testcase classname="backend.tests.test_smartpay360_features.TestWithdrawalAPI" name="test_withdrawal_invalid_pin" time="0.619" /><testcase classname="backend.tests.test_smartpay360_features.TestWithdrawalFullFlow" name="test_upi_withdrawal_success_flow" time="1.725" /><testcase classname="backend.tests.test_smartpay360_features.TestWithdrawalHistory" name="test_withdrawals_list_structure" time="0.389" /><testcase classname="backend.tests.test_smartpay360_features.TestNotificationsAPI" name="test_notifications_requires_auth" time="0.107" /><testcase classname="backend.tests.test_smartpay360_features.TestNotificationsAPI" name="test_notifications_structure" time="0.518" /><testcase classname="backend.tests.test_smartpay360_features.TestNotificationsAPI" name="test_mark_all_read" time="0.497" /><testcase classname="backend.tests.test_smartpay360_features.TestExistingFlows" name="test_register_with_referral_code" time="0.329" /><testcase classname="backend.tests.test_smartpay360_features.TestExistingFlows" name="test_dashboard_stats" time="0.656" /><testcase classname="backend.tests.test_smartpay360_features.TestExistingFlows" name="test_self_transfer_flow" time="0.874" /><testcase classname="backend.tests.test_smartpay360_features.TestExistingFlows" name="test_user_transfer_flow" time="1.728" /><testcase classname="backend.tests.test_smartpay360_features.TestExistingFlows" name="test_recharge_flow" time="1.086" /></testsuite></testsuites>