<?xml version="1.0" encoding="utf-8"?><testsuites name="pytest tests"><testsuite name="pytest" errors="0" failures="0" skipped="0" tests="137" time="130.145" timestamp="2026-04-18T18:18:09.368095+00:00" hostname="agent-env-27c9ec30-5951-4a05-a88e-22a43ef1b1b8"><testcase classname="backend.tests.test_admin_packages_kyc.TestAdminPackagesList" name="test_admin_packages_requires_admin" time="0.132" /><testcase classname="backend.tests.test_admin_packages_kyc.TestAdminPackagesList" name="test_admin_packages_non_admin_returns_403" time="0.444" /><testcase classname="backend.tests.test_admin_packages_kyc.TestAdminPackagesList" name="test_admin_packages_returns_all_with_correct_fields" time="0.381" /><testcase classname="backend.tests.test_admin_packages_kyc.TestAdminPackagesToggle" name="test_toggle_requires_admin" time="0.126" /><testcase classname="backend.tests.test_admin_packages_kyc.TestAdminPackagesToggle" name="test_toggle_deactivate_package" time="0.598" /><testcase classname="backend.tests.test_admin_packages_kyc.TestAdminPackagesToggle" name="test_toggle_reactivate_package" time="0.647" /><testcase classname="backend.tests.test_admin_packages_kyc.TestAdminPackagesToggle" name="test_toggle_invalid_package_id" time="0.389" /><testcase classname="backend.tests.test_admin_packages_kyc.TestAdminPackagesDelete" name="test_delete_requires_admin" time="0.129" /><testcase classname="backend.tests.test_admin_packages_kyc.TestAdminPackagesDelete" name="test_delete_package_flow" time="0.584" /><testcase classname="backend.tests.test_admin_packages_kyc.TestAdminPackagesDelete" name="test_delete_invalid_id" time="0.390" /><testcase classname="backend.tests.test_admin_packages_kyc.TestAdminPackagesCreate" name="test_create_requires_admin" time="0.108" /><testcase classname="backend.tests.test_admin_packages_kyc.TestAdminPackagesCreate" name="test_create_non_admin_returns_403" time="0.391" /><testcase classname="backend.tests.test_admin_packages_kyc.TestAdminPackagesCreate" name="test_create_package_success" time="0.491" /><testcase classname="backend.tests.test_admin_packages_kyc.TestAdminKYCList" name="test_kyc_list_requires_admin" time="0.108" /><testcase classname="backend.tests.test_admin_packages_kyc.TestAdminKYCList" name="test_kyc_list_non_admin_returns_403" time="0.382" /><testcase classname="backend.tests.test_admin_packages_kyc.TestAdminKYCList" name="test_kyc_list_returns_users" time="0.413" /><testcase classname="backend.tests.test_admin_packages_kyc.TestAdminKYCList" name="test_kyc_list_pending_filter" time="0.777" /><testcase classname="backend.tests.test_admin_packages_kyc.TestAdminKYCDecision" name="test_kyc_decision_requires_admin" time="0.102" /><testcase classname="backend.tests.test_admin_packages_kyc.TestAdminKYCDecision" name="test_kyc_decision_approve" time="0.879" /><testcase classname="backend.tests.test_admin_packages_kyc.TestAdminKYCDecision" name="test_kyc_decision_reject" time="0.881" /><testcase classname="backend.tests.test_admin_packages_kyc.TestAdminKYCDecision" name="test_kyc_decision_invalid_decision" time="0.749" /><testcase classname="backend.tests.test_admin_packages_kyc.TestAdminKYCDecision" name="test_kyc_decision_invalid_user_id" time="0.376" /><testcase classname="backend.tests.test_admin_packages_kyc.TestExistingFlowsStillWork" name="test_auth_login_still_works" time="0.431" /><testcase classname="backend.tests.test_admin_packages_kyc.TestExistingFlowsStillWork" name="test_auth_register_still_works" time="0.342" /><testcase classname="backend.tests.test_admin_packages_kyc.TestExistingFlowsStillWork" name="test_user_packages_endpoint_still_works" time="0.393" /><testcase classname="backend.tests.test_admin_packages_kyc.TestExistingFlowsStillWork" name="test_wallet_withdraw_still_works" time="0.630" /><testcase classname="backend.tests.test_admin_packages_kyc.TestExistingFlowsStillWork" name="test_wallet_withdrawals_still_works" time="0.369" /><testcase classname="backend.tests.test_admin_packages_kyc.TestExistingFlowsStillWork" name="test_packages_buy_still_works" time="0.646" /><testcase classname="backend.tests.test_admin_packages_kyc.TestExistingFlowsStillWork" name="test_notifications_still_works" time="0.371" /><testcase classname="backend.tests.test_auth_token_response.TestLoginAccessToken" name="test_login_returns_access_token_in_body" time="0.322" /><testcase classname="backend.tests.test_auth_token_response.TestLoginAccessToken" name="test_login_still_sets_cookies" time="0.332" /><testcase classname="backend.tests.test_auth_token_response.TestRegisterAccessToken" name="test_register_returns_access_token_in_body" time="0.325" /><testcase classname="backend.tests.test_auth_token_response.TestRegisterAccessToken" name="test_register_still_sets_cookies" time="0.358" /><testcase classname="backend.tests.test_auth_token_response.TestBearerTokenAuth" name="test_bearer_auth_me_endpoint" time="0.441" /><testcase classname="backend.tests.test_auth_token_response.TestBearerTokenAuth" name="test_bearer_auth_dashboard_stats" time="0.436" /><testcase classname="backend.tests.test_auth_token_response.TestBearerTokenAuth" name="test_bearer_auth_wallet_balance" time="0.460" /><testcase classname="backend.tests.test_auth_token_response.TestBearerTokenAuth" name="test_bearer_auth_packages" time="0.471" /><testcase classname="backend.tests.test_auth_token_response.TestBearerTokenAuth" name="test_bearer_auth_my_packages" time="0.447" /><testcase classname="backend.tests.test_auth_token_response.TestBearerTokenAuth" name="test_bearer_auth_notifications" time="0.492" /><testcase classname="backend.tests.test_auth_token_response.TestBearerTokenAuth" name="test_bearer_auth_admin_users" time="0.469" /><testcase classname="backend.tests.test_auth_token_response.TestBearerTokenAuth" name="test_bearer_auth_admin_packages" time="0.431" /><testcase classname="backend.tests.test_auth_token_response.TestBearerTokenAuth" name="test_bearer_auth_admin_kyc" time="0.471" /><testcase classname="backend.tests.test_auth_token_response.TestBearerTokenAuth" name="test_bearer_auth_profile" time="0.462" /><testcase classname="backend.tests.test_auth_token_response.TestBearerTokenAuth" name="test_bearer_auth_transactions" time="0.454" /><testcase classname="backend.tests.test_auth_token_response.TestBearerTokenAuth" name="test_bearer_auth_referral_stats" time="0.435" /><testcase classname="backend.tests.test_auth_token_response.TestBearerTokenAuth" name="test_bearer_auth_withdrawals" time="0.448" /><testcase classname="backend.tests.test_auth_token_response.TestCookieAuthFallback" name="test_cookie_auth_me_endpoint" time="0.391" /><testcase classname="backend.tests.test_auth_token_response.TestCookieAuthFallback" name="test_cookie_auth_dashboard_stats" time="0.391" /><testcase classname="backend.tests.test_auth_token_response.TestCookieAuthFallback" name="test_cookie_auth_packages" time="0.418" /><testcase classname="backend.tests.test_auth_token_response.TestLogout" name="test_logout_clears_cookies" time="68.731" /><testcase classname="backend.tests.test_auth_token_response.TestLogout" name="test_after_logout_auth_fails" time="0.536" /><testcase classname="backend.tests.test_auth_token_response.TestBearerTokenPostEndpoints" name="test_bearer_auth_setup_pin" time="0.677" /><testcase classname="backend.tests.test_auth_token_response.TestBearerTokenPostEndpoints" name="test_bearer_auth_verify_pin" time="1.015" /><testcase classname="backend.tests.test_auth_token_response.TestBearerTokenPostEndpoints" name="test_bearer_auth_add_fund_request" time="0.805" /><testcase classname="backend.tests.test_auth_token_response.TestBearerTokenPostEndpoints" name="test_bearer_auth_notifications_read_all" time="0.763" /><testcase classname="backend.tests.test_auth_token_response.TestBearerTokenPostEndpoints" name="test_bearer_auth_update_profile" time="0.791" /><testcase classname="backend.tests.test_auth_token_response.TestAdminBearerTokenEndpoints" name="test_bearer_auth_admin_approve_fund" time="0.965" /><testcase classname="backend.tests.test_auth_token_response.TestAdminBearerTokenEndpoints" name="test_bearer_auth_admin_kyc_decision" time="0.783" /><testcase classname="backend.tests.test_auth_token_response.TestAdminBearerTokenEndpoints" name="test_bearer_auth_admin_create_package" time="0.444" /><testcase classname="backend.tests.test_auth_token_response.TestExistingFlowsWithBearerToken" name="test_full_package_buy_flow_with_bearer" time="1.895" /><testcase classname="backend.tests.test_auth_token_response.TestExistingFlowsWithBearerToken" name="test_user_transfer_flow_with_bearer" time="2.138" /><testcase classname="backend.tests.test_banner_withdrawal.TestBannerAPI" name="test_banner_get_returns_200" time="0.106" /><testcase classname="backend.tests.test_banner_withdrawal.TestBannerAPI" name="test_banner_response_structure" time="0.114" /><testcase classname="backend.tests.test_banner_withdrawal.TestAdminAuth" name="test_admin_login_success" time="0.347" /><testcase classname="backend.tests.test_banner_withdrawal.TestAdminAuth" name="test_admin_login_wrong_password" time="0.356" /><testcase classname="backend.tests.test_banner_withdrawal.TestAdminBannerEndpoints" name="test_admin_update_text_banner" time="0.497" /><testcase classname="backend.tests.test_banner_withdrawal.TestAdminBannerEndpoints" name="test_admin_update_image_banner" time="0.529" /><testcase classname="backend.tests.test_banner_withdrawal.TestAdminBannerEndpoints" name="test_admin_update_combined_banner" time="0.378" /><testcase classname="backend.tests.test_banner_withdrawal.TestAdminBannerEndpoints" name="test_unauthenticated_banner_update_fails" time="0.131" /><testcase classname="backend.tests.test_banner_withdrawal.TestWithdrawalAPI" name="test_withdrawal_requires_auth" time="0.099" /><testcase classname="backend.tests.test_banner_withdrawal.TestWithdrawalAPI" name="test_withdrawal_requires_pin" time="0.375" /><testcase classname="backend.tests.test_banner_withdrawal.TestWithdrawalAPI" name="test_withdrawal_wrong_pin" time="0.601" /><testcase classname="backend.tests.test_banner_withdrawal.TestWithdrawalAPI" name="test_withdrawal_minimum_amount" time="0.626" /><testcase classname="backend.tests.test_banner_withdrawal.TestWithdrawalAPI" name="test_withdrawal_insufficient_balance" time="0.592" /><testcase classname="backend.tests.test_banner_withdrawal.TestAdminWithdrawalsEndpoint" name="test_get_withdrawals_list" time="0.405" /><testcase classname="backend.tests.test_banner_withdrawal.TestAdminWithdrawalsEndpoint" name="test_get_withdrawals_with_status_filter" time="0.392" /><testcase classname="backend.tests.test_banner_withdrawal.TestAdminWithdrawalsEndpoint" name="test_withdrawals_requires_admin" time="0.100" /><testcase classname="backend.tests.test_banner_withdrawal.TestAdminDashboard" name="test_admin_dashboard_access" time="0.378" /><testcase classname="backend.tests.test_banner_withdrawal.TestDashboardStats" name="test_dashboard_stats" time="0.989" /><testcase classname="backend.tests.test_recharge_features.TestRechargeOperators" name="test_operators_returns_4_operators" time="0.473" /><testcase classname="backend.tests.test_recharge_features.TestRechargeOperators" name="test_operators_have_required_fields" time="0.120" /><testcase classname="backend.tests.test_recharge_features.TestRechargeOperators" name="test_operators_include_expected_codes" time="0.109" /><testcase classname="backend.tests.test_recharge_features.TestRechargeCircles" name="test_circles_returns_20_plus_circles" time="0.115" /><testcase classname="backend.tests.test_recharge_features.TestRechargeCircles" name="test_circles_include_major_cities" time="0.111" /><testcase classname="backend.tests.test_recharge_features.TestRechargePlans" name="test_plans_filter_by_operator" time="0.102" /><testcase classname="backend.tests.test_recharge_features.TestRechargePlans" name="test_plans_filter_by_category" time="0.144" /><testcase classname="backend.tests.test_recharge_features.TestRechargePlans" name="test_plans_have_required_fields" time="0.122" /><testcase classname="backend.tests.test_recharge_features.TestRechargePreview" name="test_preview_calculates_correctly" time="0.105" /><testcase classname="backend.tests.test_recharge_features.TestRechargePreview" name="test_preview_caps_coins_at_max" time="0.113" /><testcase classname="backend.tests.test_recharge_features.TestCoinSettings" name="test_set_coin_settings" time="0.100" /><testcase classname="backend.tests.test_recharge_features.TestCoinSettings" name="test_get_coin_settings" time="0.128" /><testcase classname="backend.tests.test_recharge_features.TestCashbackRules" name="test_create_cashback_rule" time="0.160" /><testcase classname="backend.tests.test_recharge_features.TestCashbackRules" name="test_list_cashback_rules" time="0.103" /><testcase classname="backend.tests.test_recharge_features.TestCashbackRules" name="test_delete_cashback_rule" time="0.237" /><testcase classname="backend.tests.test_recharge_features.TestAdminRechargePlans" name="test_create_recharge_plan" time="0.115" /><testcase classname="backend.tests.test_recharge_features.TestAdminRechargePlans" name="test_list_admin_recharge_plans" time="0.102" /><testcase classname="backend.tests.test_recharge_features.TestAdminRechargePlans" name="test_delete_recharge_plan" time="0.202" /><testcase classname="backend.tests.test_recharge_features.TestAdminUserManagement" name="test_adjust_coins_positive" time="1.219" /><testcase classname="backend.tests.test_recharge_features.TestAdminUserManagement" name="test_adjust_coins_negative" time="0.216" /><testcase classname="backend.tests.test_recharge_features.TestAdminUserManagement" name="test_adjust_coins_caps_at_zero" time="0.237" /><testcase classname="backend.tests.test_recharge_features.TestAdminUserManagement" name="test_block_user" time="0.116" /><testcase classname="backend.tests.test_recharge_features.TestAdminUserManagement" name="test_blocked_user_cannot_recharge" time="0.351" /><testcase classname="backend.tests.test_recharge_features.TestAdminUserManagement" name="test_unblock_user" time="0.105" /><testcase classname="backend.tests.test_recharge_features.TestRechargeFlow" name="test_recharge_with_coins" time="0.355" /><testcase classname="backend.tests.test_recharge_features.TestRechargeFlow" name="test_recharge_exceeding_coin_balance_fails" time="0.105" /><testcase classname="backend.tests.test_recharge_features.TestRechargeFlow" name="test_recharge_exceeding_max_coins_fails" time="0.110" /><testcase classname="backend.tests.test_recharge_features.TestAdminRechargeStats" name="test_recharge_stats_returns_expected_fields" time="0.111" /><testcase classname="backend.tests.test_recharge_features.TestAdminRecharges" name="test_admin_recharges_list" time="0.122" /><testcase classname="backend.tests.test_recharge_features.TestAdminRecharges" name="test_admin_recharges_have_user_info" time="0.118" /><testcase classname="backend.tests.test_recharge_features.TestExistingFlowsIntact" name="test_login_still_works" time="0.326" /><testcase classname="backend.tests.test_recharge_features.TestExistingFlowsIntact" name="test_auth_me_still_works" time="0.108" /><testcase classname="backend.tests.test_recharge_features.TestExistingFlowsIntact" name="test_packages_still_work" time="0.116" /><testcase classname="backend.tests.test_recharge_features.TestExistingFlowsIntact" name="test_notifications_still_work" time="0.115" /><testcase classname="backend.tests.test_recharge_features.TestExistingFlowsIntact" name="test_admin_users_still_work" time="0.109" /><testcase classname="backend.tests.test_smartpay360_features.TestAdminLogin" name="test_admin_login_success" time="0.327" /><testcase classname="backend.tests.test_smartpay360_features.TestAdminLogin" name="test_admin_login_wrong_password" time="0.353" /><testcase classname="backend.tests.test_smartpay360_features.TestPackagesAPI" name="test_packages_requires_auth" time="0.102" /><testcase classname="backend.tests.test_smartpay360_features.TestPackagesAPI" name="test_packages_list_returns_6_default" time="0.399" /><testcase classname="backend.tests.test_smartpay360_features.TestPackageBuy" name="test_package_buy_invalid_pin" time="0.654" /><testcase classname="backend.tests.test_smartpay360_features.TestPackageBuy" name="test_package_buy_insufficient_balance" time="0.697" /><testcase classname="backend.tests.test_smartpay360_features.TestPackageBuyWithFunding" name="test_full_package_buy_flow" time="1.703" /><testcase classname="backend.tests.test_smartpay360_features.TestMyPackages" name="test_my_packages_structure" time="0.371" /><testcase classname="backend.tests.test_smartpay360_features.TestWithdrawalAPI" name="test_withdrawal_bank_requires_details" time="0.615" /><testcase classname="backend.tests.test_smartpay360_features.TestWithdrawalAPI" name="test_withdrawal_upi_requires_valid_upi_id" time="0.605" /><testcase classname="backend.tests.test_smartpay360_features.TestWithdrawalAPI" name="test_withdrawal_minimum_amount" time="0.670" /><testcase classname="backend.tests.test_smartpay360_features.TestWithdrawalAPI" name="test_withdrawal_insufficient_balance" time="0.598" /><testcase classname="backend.tests.test_smartpay360_features.TestWithdrawalAPI" name="test_withdrawal_invalid_pin" time="0.649" /><testcase classname="backend.tests.test_smartpay360_features.TestWithdrawalFullFlow" name="test_upi_withdrawal_success_flow" time="1.769" /><testcase classname="backend.tests.test_smartpay360_features.TestWithdrawalHistory" name="test_withdrawals_list_structure" time="0.391" /><testcase classname="backend.tests.test_smartpay360_features.TestNotificationsAPI" name="test_notifications_requires_auth" time="0.120" /><testcase classname="backend.tests.test_smartpay360_features.TestNotificationsAPI" name="test_notifications_structure" time="0.370" /><testcase classname="backend.tests.test_smartpay360_features.TestNotificationsAPI" name="test_mark_all_read" time="0.488" /><testcase classname="backend.tests.test_smartpay360_features.TestExistingFlows" name="test_register_with_referral_code" time="0.334" /><testcase classname="backend.tests.test_smartpay360_features.TestExistingFlows" name="test_dashboard_stats" time="0.667" /><testcase classname="backend.tests.test_smartpay360_features.TestExistingFlows" name="test_self_transfer_flow" time="0.886" /><testcase classname="backend.tests.test_smartpay360_features.TestExistingFlows" name="test_user_transfer_flow" time="1.803" /><testcase classname="backend.tests.test_smartpay360_features.TestExistingFlows" name="test_recharge_flow" time="1.117" /></testsuite></testsuites>