<?xml version="1.0" encoding="utf-8"?><testsuites name="pytest tests"><testsuite name="pytest" errors="0" failures="1" skipped="0" tests="33" time="8.415" timestamp="2026-04-20T04:18:23.721609+00:00" hostname="agent-env-06748dfb-d2ad-4a2b-9873-e43dbf340dd1"><testcase classname="backend.tests.test_pin_bills_recharge.TestAdminAuth" name="test_admin_login_returns_admin_role" time="0.451" /><testcase classname="backend.tests.test_pin_bills_recharge.TestFirebaseConfig" name="test_firebase_public_config" time="0.114" /><testcase classname="backend.tests.test_pin_bills_recharge.TestPinFlow" name="test_setup_pin_requires_4_digits" time="0.440" /><testcase classname="backend.tests.test_pin_bills_recharge.TestPinFlow" name="test_setup_pin_success_and_me_reflects" time="0.486"><failure message="AssertionError: assert False is True&#10; +  where False = &lt;built-in method get of dict object at 0xfc53f8e51000&gt;('has_pin')&#10; +    where &lt;built-in method get of dict object at 0xfc53f8e51000&gt; = {'coins': 0, 'e_wallet': 0.0, 'has_pin': False, 'id': '69e5a9104a2c6d6f6f4505f8', ...}.get&#10; +      where {'coins': 0, 'e_wallet': 0.0, 'has_pin': False, 'id': '69e5a9104a2c6d6f6f4505f8', ...} = json()&#10; +        where json = &lt;Response [200]&gt;.json">backend/tests/test_pin_bills_recharge.py:105: in test_setup_pin_success_and_me_reflects
    assert me.json().get("has_pin") is True
E   AssertionError: assert False is True
E    +  where False = &lt;built-in method get of dict object at 0xfc53f8e51000&gt;('has_pin')
E    +    where &lt;built-in method get of dict object at 0xfc53f8e51000&gt; = {'coins': 0, 'e_wallet': 0.0, 'has_pin': False, 'id': '69e5a9104a2c6d6f6f4505f8', ...}.get
E    +      where {'coins': 0, 'e_wallet': 0.0, 'has_pin': False, 'id': '69e5a9104a2c6d6f6f4505f8', ...} = json()
E    +        where json = &lt;Response [200]&gt;.json</failure></testcase><testcase classname="backend.tests.test_pin_bills_recharge.TestPinFlow" name="test_verify_pin_correct" time="0.343" /><testcase classname="backend.tests.test_pin_bills_recharge.TestPinFlow" name="test_verify_pin_incorrect" time="0.719" /><testcase classname="backend.tests.test_pin_bills_recharge.TestBills" name="test_bill_categories_requires_auth" time="0.125" /><testcase classname="backend.tests.test_pin_bills_recharge.TestBills" name="test_bill_categories_returns_12" time="0.442" /><testcase classname="backend.tests.test_pin_bills_recharge.TestBills" name="test_billers_per_category[electricity]" time="0.122" /><testcase classname="backend.tests.test_pin_bills_recharge.TestBills" name="test_billers_per_category[water]" time="0.110" /><testcase classname="backend.tests.test_pin_bills_recharge.TestBills" name="test_billers_per_category[gas]" time="0.099" /><testcase classname="backend.tests.test_pin_bills_recharge.TestBills" name="test_billers_per_category[broadband]" time="0.109" /><testcase classname="backend.tests.test_pin_bills_recharge.TestBills" name="test_billers_per_category[landline]" time="0.145" /><testcase classname="backend.tests.test_pin_bills_recharge.TestBills" name="test_billers_per_category[dth]" time="0.136" /><testcase classname="backend.tests.test_pin_bills_recharge.TestBills" name="test_billers_per_category[insurance]" time="0.118" /><testcase classname="backend.tests.test_pin_bills_recharge.TestBills" name="test_billers_per_category[lpg]" time="0.135" /><testcase classname="backend.tests.test_pin_bills_recharge.TestBills" name="test_billers_per_category[credit_card]" time="0.135" /><testcase classname="backend.tests.test_pin_bills_recharge.TestBills" name="test_billers_per_category[fastag]" time="0.103" /><testcase classname="backend.tests.test_pin_bills_recharge.TestBills" name="test_billers_per_category[education]" time="0.106" /><testcase classname="backend.tests.test_pin_bills_recharge.TestBills" name="test_billers_per_category[municipal]" time="0.112" /><testcase classname="backend.tests.test_pin_bills_recharge.TestBills" name="test_pay_bill_without_pin_returns_422_or_401" time="0.110" /><testcase classname="backend.tests.test_pin_bills_recharge.TestBills" name="test_pay_bill_with_invalid_pin_returns_401" time="0.334" /><testcase classname="backend.tests.test_pin_bills_recharge.TestBills" name="test_pay_bill_negative_amount_rejected" time="0.346" /><testcase classname="backend.tests.test_pin_bills_recharge.TestBills" name="test_pay_bill_insufficient_balance_with_valid_pin" time="0.351" /><testcase classname="backend.tests.test_pin_bills_recharge.TestBills" name="test_bills_history_empty_for_new_user" time="0.109" /><testcase classname="backend.tests.test_pin_bills_recharge.TestBillsAdminPin" name="test_admin_valid_pin_insufficient_balance" time="0.346" /><testcase classname="backend.tests.test_pin_bills_recharge.TestBillsAdminPin" name="test_admin_invalid_pin_401" time="0.328" /><testcase classname="backend.tests.test_pin_bills_recharge.TestRechargePin" name="test_recharge_missing_pin_rejected" time="0.101" /><testcase classname="backend.tests.test_pin_bills_recharge.TestRechargePin" name="test_recharge_invalid_pin_401" time="0.325" /><testcase classname="backend.tests.test_pin_bills_recharge.TestRechargePin" name="test_recharge_valid_pin_insufficient_balance" time="0.347" /><testcase classname="backend.tests.test_pin_bills_recharge.TestWalletPin" name="test_self_transfer_invalid_pin" time="0.345" /><testcase classname="backend.tests.test_pin_bills_recharge.TestWalletPin" name="test_user_transfer_invalid_pin" time="0.335" /><testcase classname="backend.tests.test_pin_bills_recharge.TestWalletPin" name="test_withdraw_invalid_pin" time="0.330" /></testsuite></testsuites>